<?xml version="1.0" encoding="UTF-8"?>
<testng-results ignored="0" total="1" passed="1" failed="0" skipped="0">
  <reporter-output>
  </reporter-output>
  <suite started-at="2022-02-06T14:45:06 IST" name="Default suite" finished-at="2022-02-06T14:45:09 IST" duration-ms="3391">
    <groups>
    </groups>
    <test started-at="2022-02-06T14:45:06 IST" name="Default test" finished-at="2022-02-06T14:45:09 IST" duration-ms="3391">
      <class name="PUT">
        <test-method signature="put_test()[pri:0, instance:PUT@24fcf36f]" started-at="2022-02-06T14:45:06 IST" name="put_test" finished-at="2022-02-06T14:45:09 IST" duration-ms="3328" status="PASS">
          <reporter-output>
          </reporter-output>
        </test-method> <!-- put_test -->
      </class> <!-- PUT -->
    </test> <!-- Default test -->
  </suite> <!-- Default suite -->
</testng-results>
